mode: set
github.com/onasunnymorning/eppclient/cmd/epp/config.go:22.50,24.16 2 0
github.com/onasunnymorning/eppclient/cmd/epp/config.go:24.16,26.3 1 0
github.com/onasunnymorning/eppclient/cmd/epp/config.go:27.2,30.16 3 0
github.com/onasunnymorning/eppclient/cmd/epp/config.go:30.16,31.25 1 0
github.com/onasunnymorning/eppclient/cmd/epp/config.go:31.25,33.4 1 0
github.com/onasunnymorning/eppclient/cmd/epp/config.go:34.3,34.69 1 0
github.com/onasunnymorning/eppclient/cmd/epp/config.go:36.2,43.21 5 0
github.com/onasunnymorning/eppclient/cmd/epp/config.go:43.21,45.81 2 0
github.com/onasunnymorning/eppclient/cmd/epp/config.go:45.81,46.12 1 0
github.com/onasunnymorning/eppclient/cmd/epp/config.go:49.3,49.67 1 0
github.com/onasunnymorning/eppclient/cmd/epp/config.go:49.67,51.12 2 0
github.com/onasunnymorning/eppclient/cmd/epp/config.go:54.3,54.32 1 0
github.com/onasunnymorning/eppclient/cmd/epp/config.go:54.32,55.12 1 0
github.com/onasunnymorning/eppclient/cmd/epp/config.go:58.3,59.22 2 0
github.com/onasunnymorning/eppclient/cmd/epp/config.go:59.22,60.12 1 0
github.com/onasunnymorning/eppclient/cmd/epp/config.go:62.3,65.14 3 0
github.com/onasunnymorning/eppclient/cmd/epp/config.go:66.15,67.18 1 0
github.com/onasunnymorning/eppclient/cmd/epp/config.go:68.19,69.22 1 0
github.com/onasunnymorning/eppclient/cmd/epp/config.go:70.15,71.18 1 0
github.com/onasunnymorning/eppclient/cmd/epp/config.go:72.14,73.29 1 0
github.com/onasunnymorning/eppclient/cmd/epp/config.go:74.15,75.18 1 0
github.com/onasunnymorning/eppclient/cmd/epp/config.go:76.14,77.17 1 0
github.com/onasunnymorning/eppclient/cmd/epp/config.go:78.13,79.20 1 0
github.com/onasunnymorning/eppclient/cmd/epp/config.go:83.2,83.38 1 0
github.com/onasunnymorning/eppclient/cmd/epp/config.go:83.38,85.3 1 0
github.com/onasunnymorning/eppclient/cmd/epp/config.go:87.2,87.20 1 0
github.com/onasunnymorning/eppclient/cmd/epp/config.go:87.20,89.3 1 0
github.com/onasunnymorning/eppclient/cmd/epp/config.go:91.2,91.17 1 0
github.com/onasunnymorning/eppclient/cmd/epp/config.go:115.36,117.47 2 0
github.com/onasunnymorning/eppclient/cmd/epp/config.go:117.47,119.3 1 0
github.com/onasunnymorning/eppclient/cmd/epp/config.go:121.2,121.73 1 0
github.com/onasunnymorning/eppclient/cmd/epp/config.go:121.73,123.3 1 0
github.com/onasunnymorning/eppclient/cmd/epp/config.go:125.2,128.12 4 0
github.com/onasunnymorning/eppclient/cmd/epp/epp.go:25.13,33.22 4 0
github.com/onasunnymorning/eppclient/cmd/epp/epp.go:33.22,46.3 12 0
github.com/onasunnymorning/eppclient/cmd/epp/epp.go:55.2,55.22 1 0
github.com/onasunnymorning/eppclient/cmd/epp/epp.go:55.22,58.3 2 0
github.com/onasunnymorning/eppclient/cmd/epp/epp.go:63.2,65.13 2 0
github.com/onasunnymorning/eppclient/cmd/epp/epp.go:65.13,67.3 1 0
github.com/onasunnymorning/eppclient/cmd/epp/epp.go:67.8,69.3 1 0
github.com/onasunnymorning/eppclient/cmd/epp/epp.go:71.2,72.20 2 0
github.com/onasunnymorning/eppclient/cmd/epp/epp.go:72.20,75.3 2 0
github.com/onasunnymorning/eppclient/cmd/epp/epp.go:77.2,84.16 5 0
github.com/onasunnymorning/eppclient/cmd/epp/epp.go:84.16,87.3 2 0
github.com/onasunnymorning/eppclient/cmd/epp/epp.go:89.2,91.15 2 0
github.com/onasunnymorning/eppclient/cmd/epp/epp.go:91.15,94.31 3 0
github.com/onasunnymorning/eppclient/cmd/epp/epp.go:94.31,104.4 4 0
github.com/onasunnymorning/eppclient/cmd/epp/epp.go:105.3,107.24 3 0
github.com/onasunnymorning/eppclient/cmd/epp/epp.go:110.2,110.13 1 0
github.com/onasunnymorning/eppclient/cmd/epp/epp.go:111.15,112.26 1 0
github.com/onasunnymorning/eppclient/cmd/epp/epp.go:113.14,114.25 1 0
github.com/onasunnymorning/eppclient/cmd/epp/epp.go:115.16,116.27 1 0
github.com/onasunnymorning/eppclient/cmd/epp/epp.go:117.16,118.27 1 0
github.com/onasunnymorning/eppclient/cmd/epp/epp.go:119.15,120.26 1 0
github.com/onasunnymorning/eppclient/cmd/epp/epp.go:121.17,122.28 1 0
github.com/onasunnymorning/eppclient/cmd/epp/epp.go:123.14,124.25 1 0
github.com/onasunnymorning/eppclient/cmd/epp/epp.go:125.18,126.29 1 0
github.com/onasunnymorning/eppclient/cmd/epp/epp.go:127.13,128.24 1 0
github.com/onasunnymorning/eppclient/cmd/epp/epp.go:129.16,130.27 1 0
github.com/onasunnymorning/eppclient/cmd/epp/epp.go:131.10,134.13 3 0
github.com/onasunnymorning/eppclient/cmd/epp/epp.go:138.44,139.13 1 0
github.com/onasunnymorning/eppclient/cmd/epp/epp.go:140.15,141.21 1 0
github.com/onasunnymorning/eppclient/cmd/epp/epp.go:141.21,144.4 2 0
github.com/onasunnymorning/eppclient/cmd/epp/epp.go:145.14,146.21 1 0
github.com/onasunnymorning/eppclient/cmd/epp/epp.go:146.21,149.4 2 0
github.com/onasunnymorning/eppclient/cmd/epp/epp.go:150.3,151.42 2 0
github.com/onasunnymorning/eppclient/cmd/epp/epp.go:151.42,154.4 2 0
github.com/onasunnymorning/eppclient/cmd/epp/epp.go:155.16,156.21 1 0
github.com/onasunnymorning/eppclient/cmd/epp/epp.go:156.21,159.4 2 0
github.com/onasunnymorning/eppclient/cmd/epp/epp.go:160.3,161.59 2 0
github.com/onasunnymorning/eppclient/cmd/epp/epp.go:161.59,164.4 2 0
github.com/onasunnymorning/eppclient/cmd/epp/epp.go:165.16,166.21 1 0
github.com/onasunnymorning/eppclient/cmd/epp/epp.go:166.21,169.4 2 0
github.com/onasunnymorning/eppclient/cmd/epp/epp.go:170.3,171.59 2 0
github.com/onasunnymorning/eppclient/cmd/epp/epp.go:171.59,174.4 2 0
github.com/onasunnymorning/eppclient/cmd/epp/epp.go:175.15,176.21 1 0
github.com/onasunnymorning/eppclient/cmd/epp/epp.go:176.21,179.4 2 0
github.com/onasunnymorning/eppclient/cmd/epp/epp.go:180.3,181.22 2 0
github.com/onasunnymorning/eppclient/cmd/epp/epp.go:181.22,184.4 2 0
github.com/onasunnymorning/eppclient/cmd/epp/epp.go:185.17,186.21 1 0
github.com/onasunnymorning/eppclient/cmd/epp/epp.go:186.21,189.4 2 0
github.com/onasunnymorning/eppclient/cmd/epp/epp.go:190.3,191.22 2 0
github.com/onasunnymorning/eppclient/cmd/epp/epp.go:191.22,194.4 2 0
github.com/onasunnymorning/eppclient/cmd/epp/epp.go:195.14,195.14 0 0
github.com/onasunnymorning/eppclient/cmd/epp/epp.go:198.18,199.21 1 0
github.com/onasunnymorning/eppclient/cmd/epp/epp.go:199.21,202.4 2 0
github.com/onasunnymorning/eppclient/cmd/epp/epp.go:203.3,204.22 2 0
github.com/onasunnymorning/eppclient/cmd/epp/epp.go:204.22,207.4 2 0
github.com/onasunnymorning/eppclient/cmd/epp/epp.go:208.13,209.21 1 0
github.com/onasunnymorning/eppclient/cmd/epp/epp.go:209.21,212.4 2 0
github.com/onasunnymorning/eppclient/cmd/epp/epp.go:213.16,214.21 1 0
github.com/onasunnymorning/eppclient/cmd/epp/epp.go:214.21,217.4 2 0
github.com/onasunnymorning/eppclient/cmd/epp/epp.go:218.3,219.59 2 0
github.com/onasunnymorning/eppclient/cmd/epp/epp.go:219.59,222.4 2 0
github.com/onasunnymorning/eppclient/cmd/epp/epp.go:226.37,233.16 3 0
github.com/onasunnymorning/eppclient/cmd/epp/epp.go:233.16,235.3 1 0
github.com/onasunnymorning/eppclient/cmd/epp/epp.go:236.2,238.22 2 0
github.com/onasunnymorning/eppclient/cmd/epp/epp.go:238.22,243.3 4 0
github.com/onasunnymorning/eppclient/cmd/epp/epp.go:245.2,245.37 1 0
github.com/onasunnymorning/eppclient/cmd/epp/epp.go:245.37,249.3 3 0
github.com/onasunnymorning/eppclient/cmd/epp/epp.go:251.2,251.14 1 0
github.com/onasunnymorning/eppclient/cmd/epp/epp.go:251.14,253.3 1 0
github.com/onasunnymorning/eppclient/cmd/epp/epp.go:255.2,262.19 5 0
github.com/onasunnymorning/eppclient/cmd/epp/epp.go:262.19,268.3 5 0
github.com/onasunnymorning/eppclient/cmd/epp/epp.go:270.2,284.10 13 0
github.com/onasunnymorning/eppclient/cmd/epp/epp.go:287.43,288.20 1 0
github.com/onasunnymorning/eppclient/cmd/epp/epp.go:288.20,291.3 2 0
github.com/onasunnymorning/eppclient/cmd/epp/epp.go:293.2,298.51 6 0
github.com/onasunnymorning/eppclient/cmd/epp/epp.go:301.42,305.13 3 0
github.com/onasunnymorning/eppclient/cmd/epp/epp.go:306.16,307.28 1 0
github.com/onasunnymorning/eppclient/cmd/epp/epp.go:308.17,309.29 1 0
github.com/onasunnymorning/eppclient/cmd/epp/epp.go:310.10,312.13 2 0
github.com/onasunnymorning/eppclient/cmd/epp/epp.go:316.48,317.20 1 0
github.com/onasunnymorning/eppclient/cmd/epp/epp.go:317.20,320.3 2 0
github.com/onasunnymorning/eppclient/cmd/epp/epp.go:321.2,328.41 7 0
github.com/onasunnymorning/eppclient/cmd/epp/epp.go:331.49,336.20 4 0
github.com/onasunnymorning/eppclient/cmd/epp/epp.go:336.20,339.3 2 0
github.com/onasunnymorning/eppclient/cmd/epp/epp.go:341.2,348.41 7 0
github.com/onasunnymorning/eppclient/cmd/epp/epp.go:351.44,355.13 3 0
github.com/onasunnymorning/eppclient/cmd/epp/epp.go:356.16,357.30 1 0
github.com/onasunnymorning/eppclient/cmd/epp/epp.go:358.17,359.31 1 0
github.com/onasunnymorning/eppclient/cmd/epp/epp.go:360.14,361.28 1 0
github.com/onasunnymorning/eppclient/cmd/epp/epp.go:362.10,364.13 2 0
github.com/onasunnymorning/eppclient/cmd/epp/epp.go:368.50,369.20 1 0
github.com/onasunnymorning/eppclient/cmd/epp/epp.go:369.20,372.3 2 0
github.com/onasunnymorning/eppclient/cmd/epp/epp.go:373.2,375.51 3 0
github.com/onasunnymorning/eppclient/cmd/epp/epp.go:378.51,379.20 1 0
github.com/onasunnymorning/eppclient/cmd/epp/epp.go:379.20,382.3 2 0
github.com/onasunnymorning/eppclient/cmd/epp/epp.go:383.2,385.52 3 0
github.com/onasunnymorning/eppclient/cmd/epp/epp.go:388.48,389.20 1 0
github.com/onasunnymorning/eppclient/cmd/epp/epp.go:389.20,392.3 2 0
github.com/onasunnymorning/eppclient/cmd/epp/epp.go:393.2,395.49 3 0
github.com/onasunnymorning/eppclient/cmd/epp/epp.go:398.44,402.13 3 0
github.com/onasunnymorning/eppclient/cmd/epp/epp.go:403.16,404.30 1 0
github.com/onasunnymorning/eppclient/cmd/epp/epp.go:405.17,406.31 1 0
github.com/onasunnymorning/eppclient/cmd/epp/epp.go:407.14,408.28 1 0
github.com/onasunnymorning/eppclient/cmd/epp/epp.go:409.10,418.13 2 0
github.com/onasunnymorning/eppclient/cmd/epp/epp.go:422.50,438.20 13 0
github.com/onasunnymorning/eppclient/cmd/epp/epp.go:438.20,441.3 2 0
github.com/onasunnymorning/eppclient/cmd/epp/epp.go:443.2,446.18 3 0
github.com/onasunnymorning/eppclient/cmd/epp/epp.go:446.18,448.3 1 0
github.com/onasunnymorning/eppclient/cmd/epp/epp.go:449.2,449.17 1 0
github.com/onasunnymorning/eppclient/cmd/epp/epp.go:449.17,451.3 1 0
github.com/onasunnymorning/eppclient/cmd/epp/epp.go:452.2,452.20 1 0
github.com/onasunnymorning/eppclient/cmd/epp/epp.go:452.20,454.3 1 0
github.com/onasunnymorning/eppclient/cmd/epp/epp.go:456.2,457.21 2 0
github.com/onasunnymorning/eppclient/cmd/epp/epp.go:457.21,459.24 2 0
github.com/onasunnymorning/eppclient/cmd/epp/epp.go:459.24,461.4 1 0
github.com/onasunnymorning/eppclient/cmd/epp/epp.go:464.2,465.32 2 0
github.com/onasunnymorning/eppclient/cmd/epp/epp.go:465.32,467.17 2 0
github.com/onasunnymorning/eppclient/cmd/epp/epp.go:467.17,469.23 2 0
github.com/onasunnymorning/eppclient/cmd/epp/epp.go:469.23,471.5 1 0
github.com/onasunnymorning/eppclient/cmd/epp/epp.go:473.3,473.19 1 0
github.com/onasunnymorning/eppclient/cmd/epp/epp.go:473.19,475.4 1 0
github.com/onasunnymorning/eppclient/cmd/epp/epp.go:478.2,480.103 3 0
github.com/onasunnymorning/eppclient/cmd/epp/epp.go:483.51,499.89 14 0
github.com/onasunnymorning/eppclient/cmd/epp/epp.go:499.89,503.3 3 0
github.com/onasunnymorning/eppclient/cmd/epp/epp.go:505.2,517.76 4 0
github.com/onasunnymorning/eppclient/cmd/epp/epp.go:520.48,526.20 5 0
github.com/onasunnymorning/eppclient/cmd/epp/epp.go:526.20,529.3 2 0
github.com/onasunnymorning/eppclient/cmd/epp/epp.go:531.2,534.16 3 0
github.com/onasunnymorning/eppclient/cmd/epp/epp.go:534.16,536.28 2 0
github.com/onasunnymorning/eppclient/cmd/epp/epp.go:536.28,538.4 1 0
github.com/onasunnymorning/eppclient/cmd/epp/epp.go:540.2,540.15 1 0
github.com/onasunnymorning/eppclient/cmd/epp/epp.go:540.15,542.28 2 0
github.com/onasunnymorning/eppclient/cmd/epp/epp.go:542.28,544.4 1 0
github.com/onasunnymorning/eppclient/cmd/epp/epp.go:547.2,549.75 3 0
github.com/onasunnymorning/eppclient/cmd/epp/epp.go:552.43,556.13 3 0
github.com/onasunnymorning/eppclient/cmd/epp/epp.go:557.16,558.29 1 0
github.com/onasunnymorning/eppclient/cmd/epp/epp.go:559.10,568.13 2 0
github.com/onasunnymorning/eppclient/cmd/epp/epp.go:572.49,580.20 7 0
github.com/onasunnymorning/eppclient/cmd/epp/epp.go:580.20,583.3 2 0
github.com/onasunnymorning/eppclient/cmd/epp/epp.go:585.2,589.19 4 0
github.com/onasunnymorning/eppclient/cmd/epp/epp.go:589.19,592.3 2 0
github.com/onasunnymorning/eppclient/cmd/epp/epp.go:592.8,599.3 5 0
github.com/onasunnymorning/eppclient/cmd/epp/epp.go:601.2,602.16 2 0
github.com/onasunnymorning/eppclient/cmd/epp/epp.go:602.16,605.22 3 0
github.com/onasunnymorning/eppclient/cmd/epp/epp.go:605.22,607.4 1 0
github.com/onasunnymorning/eppclient/cmd/epp/epp.go:610.2,612.82 3 0
github.com/onasunnymorning/eppclient/cmd/epp/epp.go:615.45,619.13 3 0
github.com/onasunnymorning/eppclient/cmd/epp/epp.go:620.16,621.31 1 0
github.com/onasunnymorning/eppclient/cmd/epp/epp.go:622.10,624.13 2 0
github.com/onasunnymorning/eppclient/cmd/epp/epp.go:628.51,629.20 1 0
github.com/onasunnymorning/eppclient/cmd/epp/epp.go:629.20,632.3 2 0
github.com/onasunnymorning/eppclient/cmd/epp/epp.go:636.2,638.52 3 0
github.com/onasunnymorning/eppclient/cmd/epp/epp.go:641.46,645.13 3 0
github.com/onasunnymorning/eppclient/cmd/epp/epp.go:646.16,647.32 1 0
github.com/onasunnymorning/eppclient/cmd/epp/epp.go:648.10,650.13 2 0
github.com/onasunnymorning/eppclient/cmd/epp/epp.go:654.42,659.16 4 0
github.com/onasunnymorning/eppclient/cmd/epp/epp.go:659.16,663.20 4 0
github.com/onasunnymorning/eppclient/cmd/epp/epp.go:663.20,665.4 1 0
github.com/onasunnymorning/eppclient/cmd/epp/epp.go:666.3,666.9 1 0
github.com/onasunnymorning/eppclient/cmd/epp/epp.go:669.2,672.18 3 0
github.com/onasunnymorning/eppclient/cmd/epp/epp.go:672.18,675.3 2 0
github.com/onasunnymorning/eppclient/cmd/epp/epp.go:677.2,680.44 4 0
github.com/onasunnymorning/eppclient/cmd/epp/epp.go:683.52,692.20 8 0
github.com/onasunnymorning/eppclient/cmd/epp/epp.go:692.20,695.3 2 0
github.com/onasunnymorning/eppclient/cmd/epp/epp.go:697.2,700.16 3 0
github.com/onasunnymorning/eppclient/cmd/epp/epp.go:700.16,703.22 3 0
github.com/onasunnymorning/eppclient/cmd/epp/epp.go:703.22,705.4 1 0
github.com/onasunnymorning/eppclient/cmd/epp/epp.go:708.2,712.16 4 0
github.com/onasunnymorning/eppclient/cmd/epp/epp.go:712.16,714.27 2 0
github.com/onasunnymorning/eppclient/cmd/epp/epp.go:714.27,716.4 1 0
github.com/onasunnymorning/eppclient/cmd/epp/epp.go:717.3,717.27 1 0
github.com/onasunnymorning/eppclient/cmd/epp/epp.go:717.27,719.4 1 0
github.com/onasunnymorning/eppclient/cmd/epp/epp.go:720.3,720.27 1 0
github.com/onasunnymorning/eppclient/cmd/epp/epp.go:720.27,722.4 1 0
github.com/onasunnymorning/eppclient/cmd/epp/epp.go:726.41,727.20 1 0
github.com/onasunnymorning/eppclient/cmd/epp/epp.go:727.20,730.3 2 0
github.com/onasunnymorning/eppclient/cmd/epp/epp.go:732.2,736.21 4 0
github.com/onasunnymorning/eppclient/cmd/epp/epp.go:736.21,738.3 1 0
github.com/onasunnymorning/eppclient/cmd/epp/epp.go:738.8,740.3 1 0
github.com/onasunnymorning/eppclient/cmd/epp/epp.go:741.2,746.33 4 0
github.com/onasunnymorning/eppclient/cmd/epp/epp.go:749.44,753.13 3 0
github.com/onasunnymorning/eppclient/cmd/epp/epp.go:754.16,755.30 1 0
github.com/onasunnymorning/eppclient/cmd/epp/epp.go:756.17,757.31 1 0
github.com/onasunnymorning/eppclient/cmd/epp/epp.go:758.14,759.28 1 0
github.com/onasunnymorning/eppclient/cmd/epp/epp.go:760.10,762.13 2 0
github.com/onasunnymorning/eppclient/cmd/epp/epp.go:766.50,785.20 15 0
github.com/onasunnymorning/eppclient/cmd/epp/epp.go:785.20,789.3 3 0
github.com/onasunnymorning/eppclient/cmd/epp/epp.go:791.2,798.18 5 0
github.com/onasunnymorning/eppclient/cmd/epp/epp.go:798.18,800.3 1 0
github.com/onasunnymorning/eppclient/cmd/epp/epp.go:801.2,801.18 1 0
github.com/onasunnymorning/eppclient/cmd/epp/epp.go:801.18,803.3 1 0
github.com/onasunnymorning/eppclient/cmd/epp/epp.go:806.2,806.22 1 0
github.com/onasunnymorning/eppclient/cmd/epp/epp.go:806.22,808.3 1 0
github.com/onasunnymorning/eppclient/cmd/epp/epp.go:809.2,809.22 1 0
github.com/onasunnymorning/eppclient/cmd/epp/epp.go:809.22,811.3 1 0
github.com/onasunnymorning/eppclient/cmd/epp/epp.go:814.2,815.21 2 0
github.com/onasunnymorning/eppclient/cmd/epp/epp.go:815.21,817.3 1 0
github.com/onasunnymorning/eppclient/cmd/epp/epp.go:818.2,818.20 1 0
github.com/onasunnymorning/eppclient/cmd/epp/epp.go:818.20,820.3 1 0
github.com/onasunnymorning/eppclient/cmd/epp/epp.go:821.2,821.23 1 0
github.com/onasunnymorning/eppclient/cmd/epp/epp.go:821.23,823.3 1 0
github.com/onasunnymorning/eppclient/cmd/epp/epp.go:824.2,824.26 1 0
github.com/onasunnymorning/eppclient/cmd/epp/epp.go:824.26,826.3 1 0
github.com/onasunnymorning/eppclient/cmd/epp/epp.go:828.2,829.21 2 0
github.com/onasunnymorning/eppclient/cmd/epp/epp.go:829.21,831.3 1 0
github.com/onasunnymorning/eppclient/cmd/epp/epp.go:832.2,832.20 1 0
github.com/onasunnymorning/eppclient/cmd/epp/epp.go:832.20,834.3 1 0
github.com/onasunnymorning/eppclient/cmd/epp/epp.go:835.2,835.23 1 0
github.com/onasunnymorning/eppclient/cmd/epp/epp.go:835.23,837.3 1 0
github.com/onasunnymorning/eppclient/cmd/epp/epp.go:838.2,838.26 1 0
github.com/onasunnymorning/eppclient/cmd/epp/epp.go:838.26,840.3 1 0
github.com/onasunnymorning/eppclient/cmd/epp/epp.go:843.2,843.23 1 0
github.com/onasunnymorning/eppclient/cmd/epp/epp.go:843.23,845.3 1 0
github.com/onasunnymorning/eppclient/cmd/epp/epp.go:846.2,846.17 1 0
github.com/onasunnymorning/eppclient/cmd/epp/epp.go:846.17,848.3 1 0
github.com/onasunnymorning/eppclient/cmd/epp/epp.go:850.2,852.50 3 0
github.com/onasunnymorning/eppclient/cmd/epp/epp.go:855.51,875.20 16 0
github.com/onasunnymorning/eppclient/cmd/epp/epp.go:875.20,879.3 3 0
github.com/onasunnymorning/eppclient/cmd/epp/epp.go:881.2,887.22 5 0
github.com/onasunnymorning/eppclient/cmd/epp/epp.go:887.22,889.3 1 0
github.com/onasunnymorning/eppclient/cmd/epp/epp.go:890.2,890.22 1 0
github.com/onasunnymorning/eppclient/cmd/epp/epp.go:890.22,892.3 1 0
github.com/onasunnymorning/eppclient/cmd/epp/epp.go:895.2,895.102 1 0
github.com/onasunnymorning/eppclient/cmd/epp/epp.go:895.102,913.3 2 0
github.com/onasunnymorning/eppclient/cmd/epp/epp.go:915.2,915.18 1 0
github.com/onasunnymorning/eppclient/cmd/epp/epp.go:915.18,917.3 1 0
github.com/onasunnymorning/eppclient/cmd/epp/epp.go:918.2,918.18 1 0
github.com/onasunnymorning/eppclient/cmd/epp/epp.go:918.18,920.3 1 0
github.com/onasunnymorning/eppclient/cmd/epp/epp.go:921.2,921.16 1 0
github.com/onasunnymorning/eppclient/cmd/epp/epp.go:921.16,923.3 1 0
github.com/onasunnymorning/eppclient/cmd/epp/epp.go:924.2,924.17 1 0
github.com/onasunnymorning/eppclient/cmd/epp/epp.go:924.17,926.3 1 0
github.com/onasunnymorning/eppclient/cmd/epp/epp.go:928.2,930.47 3 0
github.com/onasunnymorning/eppclient/cmd/epp/epp.go:933.48,945.20 10 0
github.com/onasunnymorning/eppclient/cmd/epp/epp.go:945.20,949.3 3 0
github.com/onasunnymorning/eppclient/cmd/epp/epp.go:951.2,957.19 5 0
github.com/onasunnymorning/eppclient/cmd/epp/epp.go:957.19,959.3 1 0
github.com/onasunnymorning/eppclient/cmd/epp/epp.go:960.2,960.18 1 0
github.com/onasunnymorning/eppclient/cmd/epp/epp.go:960.18,962.3 1 0
github.com/onasunnymorning/eppclient/cmd/epp/epp.go:963.2,963.22 1 0
github.com/onasunnymorning/eppclient/cmd/epp/epp.go:963.22,965.3 1 0
github.com/onasunnymorning/eppclient/cmd/epp/epp.go:967.2,967.19 1 0
github.com/onasunnymorning/eppclient/cmd/epp/epp.go:967.19,969.3 1 0
github.com/onasunnymorning/eppclient/cmd/epp/epp.go:970.2,970.18 1 0
github.com/onasunnymorning/eppclient/cmd/epp/epp.go:970.18,972.3 1 0
github.com/onasunnymorning/eppclient/cmd/epp/epp.go:973.2,973.22 1 0
github.com/onasunnymorning/eppclient/cmd/epp/epp.go:973.22,975.3 1 0
github.com/onasunnymorning/eppclient/cmd/epp/epp.go:977.2,977.20 1 0
github.com/onasunnymorning/eppclient/cmd/epp/epp.go:977.20,979.3 1 0
github.com/onasunnymorning/eppclient/cmd/epp/epp.go:981.2,983.46 3 0
github.com/onasunnymorning/eppclient/cmd/epp/epp.go:986.35,988.26 2 0
github.com/onasunnymorning/eppclient/cmd/epp/epp.go:988.26,990.3 1 0
github.com/onasunnymorning/eppclient/cmd/epp/epp.go:991.2,991.14 1 0
github.com/onasunnymorning/eppclient/cmd/epp/epp.go:994.43,997.26 3 0
github.com/onasunnymorning/eppclient/cmd/epp/epp.go:997.26,1000.19 3 0
github.com/onasunnymorning/eppclient/cmd/epp/epp.go:1000.19,1002.4 1 0
github.com/onasunnymorning/eppclient/cmd/epp/epp.go:1002.9,1004.4 1 0
github.com/onasunnymorning/eppclient/cmd/epp/epp.go:1006.2,1006.10 1 0
github.com/onasunnymorning/eppclient/cmd/epp/epp.go:1009.28,1010.16 1 0
github.com/onasunnymorning/eppclient/cmd/epp/epp.go:1010.16,1013.3 2 0
github.com/onasunnymorning/eppclient/cmd/epp/epp.go:1014.2,1014.14 1 0
github.com/onasunnymorning/eppclient/cmd/epp/epp.go:1017.25,1018.16 1 0
github.com/onasunnymorning/eppclient/cmd/epp/epp.go:1018.16,1020.13 1 0
github.com/onasunnymorning/eppclient/cmd/epp/epp.go:1024.45,1025.16 1 0
github.com/onasunnymorning/eppclient/cmd/epp/epp.go:1025.16,1027.3 1 0
github.com/onasunnymorning/eppclient/cmd/epp/epp.go:1030.2,1034.31 2 0
github.com/onasunnymorning/eppclient/cmd/epp/epp.go:1034.31,1040.18 2 0
github.com/onasunnymorning/eppclient/cmd/epp/epp.go:1040.18,1042.4 1 0
github.com/onasunnymorning/eppclient/cmd/epp/epp.go:1042.9,1044.4 1 0
github.com/onasunnymorning/eppclient/cmd/epp/epp.go:1046.3,1046.21 1 0
github.com/onasunnymorning/eppclient/cmd/epp/epp.go:1046.21,1048.4 1 0
github.com/onasunnymorning/eppclient/cmd/epp/epp.go:1049.3,1049.18 1 0
github.com/onasunnymorning/eppclient/cmd/epp/epp.go:1053.2,1053.26 1 0
github.com/onasunnymorning/eppclient/cmd/epp/epp.go:1053.26,1055.33 2 0
github.com/onasunnymorning/eppclient/cmd/epp/epp.go:1055.33,1056.44 1 0
github.com/onasunnymorning/eppclient/cmd/epp/epp.go:1056.44,1057.13 1 0
github.com/onasunnymorning/eppclient/cmd/epp/epp.go:1060.4,1060.34 1 0
github.com/onasunnymorning/eppclient/cmd/epp/epp.go:1060.34,1062.5 1 0
github.com/onasunnymorning/eppclient/cmd/epp/epp.go:1062.10,1064.5 1 0
github.com/onasunnymorning/eppclient/cmd/epp/epp.go:1066.4,1066.24 1 0
github.com/onasunnymorning/eppclient/cmd/epp/epp.go:1066.24,1068.5 1 0
github.com/onasunnymorning/eppclient/cmd/epp/epp.go:1069.4,1069.24 1 0
github.com/onasunnymorning/eppclient/cmd/epp/epp.go:1069.24,1071.5 1 0
github.com/onasunnymorning/eppclient/cmd/epp/epp.go:1072.4,1074.29 2 0
github.com/onasunnymorning/eppclient/cmd/epp/epp.go:1074.29,1078.19 3 0
github.com/onasunnymorning/eppclient/cmd/epp/epp.go:1078.19,1080.6 1 0
github.com/onasunnymorning/eppclient/cmd/epp/epp.go:1081.5,1081.21 1 0
github.com/onasunnymorning/eppclient/cmd/epp/epp.go:1081.21,1083.6 1 0
github.com/onasunnymorning/eppclient/cmd/epp/epp.go:1084.5,1084.28 1 0
github.com/onasunnymorning/eppclient/cmd/epp/epp.go:1084.28,1086.6 1 0
github.com/onasunnymorning/eppclient/cmd/epp/epp.go:1087.5,1087.28 1 0
github.com/onasunnymorning/eppclient/cmd/epp/epp.go:1087.28,1089.6 1 0
github.com/onasunnymorning/eppclient/cmd/epp/epp.go:1091.5,1091.23 1 0
github.com/onasunnymorning/eppclient/cmd/epp/epp.go:1091.23,1093.6 1 0
github.com/onasunnymorning/eppclient/cmd/epp/epp.go:1094.5,1094.20 1 0
github.com/onasunnymorning/eppclient/cmd/epp/helper.go:10.38,11.20 1 0
github.com/onasunnymorning/eppclient/cmd/epp/helper.go:11.20,13.3 1 0
github.com/onasunnymorning/eppclient/cmd/epp/helper.go:14.2,19.12 3 0
github.com/onasunnymorning/eppclient/cmd/epp/helper.go:19.12,23.3 3 0
github.com/onasunnymorning/eppclient/cmd/epp/helper.go:25.2,25.9 1 0
github.com/onasunnymorning/eppclient/cmd/epp/helper.go:26.22,27.55 1 0
github.com/onasunnymorning/eppclient/cmd/epp/helper.go:27.55,31.4 3 0
github.com/onasunnymorning/eppclient/cmd/epp/helper.go:32.37,33.30 1 0
github.com/onasunnymorning/eppclient/bool.go:20.75,25.2 4 1
github.com/onasunnymorning/eppclient/bool.go:30.55,31.95 1 0
github.com/onasunnymorning/eppclient/bool.go:31.95,33.3 1 0
github.com/onasunnymorning/eppclient/bool.go:33.8,35.3 1 0
github.com/onasunnymorning/eppclient/bool.go:36.2,36.12 1 0
github.com/onasunnymorning/eppclient/bool.go:41.72,42.7 1 1
github.com/onasunnymorning/eppclient/bool.go:42.7,45.3 2 1
github.com/onasunnymorning/eppclient/bool.go:46.2,46.12 1 1
github.com/onasunnymorning/eppclient/bool.go:51.72,53.7 2 1
github.com/onasunnymorning/eppclient/bool.go:53.7,55.3 1 1
github.com/onasunnymorning/eppclient/bool.go:55.8,57.3 1 1
github.com/onasunnymorning/eppclient/bool.go:58.2,58.8 1 1
github.com/onasunnymorning/eppclient/check.go:13.77,15.2 1 1
github.com/onasunnymorning/eppclient/check.go:20.113,22.16 2 1
github.com/onasunnymorning/eppclient/check.go:22.16,24.3 1 0
github.com/onasunnymorning/eppclient/check.go:26.2,27.16 2 1
github.com/onasunnymorning/eppclient/check.go:27.16,29.3 1 0
github.com/onasunnymorning/eppclient/check.go:31.2,32.16 2 1
github.com/onasunnymorning/eppclient/check.go:32.16,34.3 1 0
github.com/onasunnymorning/eppclient/check.go:38.2,38.44 1 1
github.com/onasunnymorning/eppclient/check.go:38.44,40.17 2 0
github.com/onasunnymorning/eppclient/check.go:40.17,42.4 1 0
github.com/onasunnymorning/eppclient/check.go:43.3,44.17 2 0
github.com/onasunnymorning/eppclient/check.go:44.17,46.4 1 0
github.com/onasunnymorning/eppclient/check.go:47.3,48.17 2 0
github.com/onasunnymorning/eppclient/check.go:48.17,50.4 1 0
github.com/onasunnymorning/eppclient/check.go:51.3,51.69 1 0
github.com/onasunnymorning/eppclient/check.go:54.2,54.38 1 1
github.com/onasunnymorning/eppclient/check.go:57.105,61.33 4 1
github.com/onasunnymorning/eppclient/check.go:61.33,65.3 3 1
github.com/onasunnymorning/eppclient/check.go:66.2,70.9 4 1
github.com/onasunnymorning/eppclient/check.go:71.44,72.20 1 1
github.com/onasunnymorning/eppclient/check.go:73.44,74.20 1 0
github.com/onasunnymorning/eppclient/check.go:75.44,76.20 1 0
github.com/onasunnymorning/eppclient/check.go:79.44,80.20 1 0
github.com/onasunnymorning/eppclient/check.go:81.44,82.20 1 0
github.com/onasunnymorning/eppclient/check.go:84.44,85.20 1 0
github.com/onasunnymorning/eppclient/check.go:88.44,89.20 1 0
github.com/onasunnymorning/eppclient/check.go:90.44,91.20 1 0
github.com/onasunnymorning/eppclient/check.go:94.2,101.18 6 1
github.com/onasunnymorning/eppclient/check.go:101.18,103.3 1 1
github.com/onasunnymorning/eppclient/check.go:106.2,106.23 1 1
github.com/onasunnymorning/eppclient/check.go:106.23,114.3 7 0
github.com/onasunnymorning/eppclient/check.go:116.2,116.20 1 1
github.com/onasunnymorning/eppclient/check.go:116.20,124.3 7 1
github.com/onasunnymorning/eppclient/check.go:126.2,126.22 1 1
github.com/onasunnymorning/eppclient/check.go:126.22,134.3 7 1
github.com/onasunnymorning/eppclient/check.go:136.2,136.21 1 1
github.com/onasunnymorning/eppclient/check.go:136.21,141.23 5 1
github.com/onasunnymorning/eppclient/check.go:141.23,143.4 1 1
github.com/onasunnymorning/eppclient/check.go:144.3,144.36 1 1
github.com/onasunnymorning/eppclient/check.go:144.36,146.4 1 1
github.com/onasunnymorning/eppclient/check.go:149.3,149.25 1 1
github.com/onasunnymorning/eppclient/check.go:149.25,154.4 4 1
github.com/onasunnymorning/eppclient/check.go:154.9,156.35 1 0
github.com/onasunnymorning/eppclient/check.go:156.35,157.19 1 0
github.com/onasunnymorning/eppclient/check.go:158.19,164.38 6 0
github.com/onasunnymorning/eppclient/check.go:165.19,166.83 1 0
github.com/onasunnymorning/eppclient/check.go:167.19,168.78 1 0
github.com/onasunnymorning/eppclient/check.go:169.13,175.38 6 0
github.com/onasunnymorning/eppclient/check.go:179.3,179.34 1 1
github.com/onasunnymorning/eppclient/check.go:182.2,182.18 1 1
github.com/onasunnymorning/eppclient/check.go:182.18,184.3 1 1
github.com/onasunnymorning/eppclient/check.go:186.2,188.25 2 1
github.com/onasunnymorning/eppclient/check.go:191.57,195.33 4 0
github.com/onasunnymorning/eppclient/check.go:195.33,199.3 3 0
github.com/onasunnymorning/eppclient/check.go:200.2,208.25 7 0
github.com/onasunnymorning/eppclient/check.go:247.13,250.76 2 1
github.com/onasunnymorning/eppclient/check.go:250.76,254.3 3 1
github.com/onasunnymorning/eppclient/check.go:255.2,255.77 1 1
github.com/onasunnymorning/eppclient/check.go:255.77,261.3 5 1
github.com/onasunnymorning/eppclient/check.go:262.2,262.79 1 1
github.com/onasunnymorning/eppclient/check.go:262.79,267.3 4 1
github.com/onasunnymorning/eppclient/check.go:270.2,271.77 2 1
github.com/onasunnymorning/eppclient/check.go:271.77,274.3 2 1
github.com/onasunnymorning/eppclient/check.go:275.2,275.80 1 1
github.com/onasunnymorning/eppclient/check.go:275.80,279.3 3 1
github.com/onasunnymorning/eppclient/check.go:280.2,280.85 1 1
github.com/onasunnymorning/eppclient/check.go:280.85,287.3 6 1
github.com/onasunnymorning/eppclient/check.go:290.2,291.76 2 1
github.com/onasunnymorning/eppclient/check.go:291.76,295.3 3 1
github.com/onasunnymorning/eppclient/check.go:296.2,296.77 1 1
github.com/onasunnymorning/eppclient/check.go:296.77,300.32 4 1
github.com/onasunnymorning/eppclient/check.go:300.32,302.4 1 1
github.com/onasunnymorning/eppclient/check.go:303.3,303.13 1 1
github.com/onasunnymorning/eppclient/check.go:305.2,305.78 1 1
github.com/onasunnymorning/eppclient/check.go:305.78,310.3 4 1
github.com/onasunnymorning/eppclient/check.go:311.2,311.76 1 1
github.com/onasunnymorning/eppclient/check.go:311.76,321.3 5 1
github.com/onasunnymorning/eppclient/check.go:323.2,324.76 2 1
github.com/onasunnymorning/eppclient/check.go:324.76,328.3 3 1
github.com/onasunnymorning/eppclient/check.go:329.2,329.77 1 1
github.com/onasunnymorning/eppclient/check.go:329.77,334.3 4 1
github.com/onasunnymorning/eppclient/check.go:335.2,335.78 1 1
github.com/onasunnymorning/eppclient/check.go:335.78,339.10 4 1
github.com/onasunnymorning/eppclient/check.go:340.47,340.47 0 0
github.com/onasunnymorning/eppclient/check.go:341.46,341.46 0 0
github.com/onasunnymorning/eppclient/check.go:342.48,342.48 0 0
github.com/onasunnymorning/eppclient/check.go:343.48,343.48 0 1
github.com/onasunnymorning/eppclient/check.go:344.11,345.31 1 1
github.com/onasunnymorning/eppclient/check.go:347.3,347.13 1 1
github.com/onasunnymorning/eppclient/check.go:349.2,349.76 1 1
github.com/onasunnymorning/eppclient/check.go:349.76,358.3 4 1
github.com/onasunnymorning/eppclient/check.go:360.2,361.76 2 1
github.com/onasunnymorning/eppclient/check.go:361.76,365.3 3 1
github.com/onasunnymorning/eppclient/check.go:366.2,366.77 1 1
github.com/onasunnymorning/eppclient/check.go:366.77,371.3 4 1
github.com/onasunnymorning/eppclient/check.go:372.2,372.78 1 1
github.com/onasunnymorning/eppclient/check.go:372.78,377.3 4 1
github.com/onasunnymorning/eppclient/check.go:379.2,380.76 2 1
github.com/onasunnymorning/eppclient/check.go:380.76,384.3 3 1
github.com/onasunnymorning/eppclient/check.go:385.2,385.77 1 1
github.com/onasunnymorning/eppclient/check.go:385.77,390.3 4 1
github.com/onasunnymorning/eppclient/check.go:391.2,391.78 1 1
github.com/onasunnymorning/eppclient/check.go:391.78,394.39 3 1
github.com/onasunnymorning/eppclient/check.go:394.39,396.4 1 1
github.com/onasunnymorning/eppclient/check.go:397.3,397.13 1 1
github.com/onasunnymorning/eppclient/check.go:400.2,401.76 2 1
github.com/onasunnymorning/eppclient/check.go:401.76,405.3 3 1
github.com/onasunnymorning/eppclient/check.go:406.2,406.78 1 1
github.com/onasunnymorning/eppclient/check.go:406.78,411.3 4 1
github.com/onasunnymorning/eppclient/check.go:412.2,412.78 1 1
github.com/onasunnymorning/eppclient/check.go:412.78,415.39 3 1
github.com/onasunnymorning/eppclient/check.go:415.39,417.4 1 1
github.com/onasunnymorning/eppclient/check.go:418.3,418.13 1 1
github.com/onasunnymorning/eppclient/check.go:421.2,422.76 2 1
github.com/onasunnymorning/eppclient/check.go:422.76,426.3 3 1
github.com/onasunnymorning/eppclient/check.go:427.2,427.78 1 1
github.com/onasunnymorning/eppclient/check.go:427.78,432.3 4 1
github.com/onasunnymorning/eppclient/check.go:433.2,433.77 1 1
github.com/onasunnymorning/eppclient/check.go:433.77,438.3 4 1
github.com/onasunnymorning/eppclient/check.go:439.2,439.78 1 1
github.com/onasunnymorning/eppclient/check.go:439.78,442.39 3 1
github.com/onasunnymorning/eppclient/check.go:442.39,444.4 1 1
github.com/onasunnymorning/eppclient/check.go:445.3,445.13 1 1
github.com/onasunnymorning/eppclient/check.go:447.2,447.84 1 1
github.com/onasunnymorning/eppclient/check.go:447.84,461.3 5 1
github.com/onasunnymorning/eppclient/check.go:462.2,462.81 1 1
github.com/onasunnymorning/eppclient/check.go:462.81,467.3 4 0
github.com/onasunnymorning/eppclient/check.go:469.2,470.76 2 1
github.com/onasunnymorning/eppclient/check.go:470.76,474.3 3 1
github.com/onasunnymorning/eppclient/check.go:475.2,475.78 1 1
github.com/onasunnymorning/eppclient/check.go:475.78,480.3 4 1
github.com/onasunnymorning/eppclient/check.go:481.2,481.78 1 1
github.com/onasunnymorning/eppclient/check.go:481.78,486.3 4 1
github.com/onasunnymorning/eppclient/check.go:487.2,487.84 1 1
github.com/onasunnymorning/eppclient/check.go:487.84,496.3 4 0
github.com/onasunnymorning/eppclient/check.go:501.2,502.66 2 1
github.com/onasunnymorning/eppclient/check.go:502.66,503.44 1 1
github.com/onasunnymorning/eppclient/check.go:503.44,505.4 1 0
github.com/onasunnymorning/eppclient/check.go:506.3,521.13 5 1
github.com/onasunnymorning/eppclient/check.go:525.2,526.76 2 1
github.com/onasunnymorning/eppclient/check.go:526.76,530.3 3 1
github.com/onasunnymorning/eppclient/check.go:531.2,531.77 1 1
github.com/onasunnymorning/eppclient/check.go:531.77,535.32 4 1
github.com/onasunnymorning/eppclient/check.go:535.32,537.4 1 1
github.com/onasunnymorning/eppclient/check.go:538.3,538.13 1 1
github.com/onasunnymorning/eppclient/check.go:542.2,543.66 2 1
github.com/onasunnymorning/eppclient/check.go:543.66,545.27 2 1
github.com/onasunnymorning/eppclient/check.go:545.27,547.4 1 0
github.com/onasunnymorning/eppclient/check.go:549.3,553.30 5 1
github.com/onasunnymorning/eppclient/check.go:553.30,555.49 2 1
github.com/onasunnymorning/eppclient/check.go:555.49,557.10 2 1
github.com/onasunnymorning/eppclient/check.go:560.3,562.13 2 1
github.com/onasunnymorning/eppclient/check.go:566.2,567.66 2 1
github.com/onasunnymorning/eppclient/check.go:567.66,571.33 2 1
github.com/onasunnymorning/eppclient/check.go:571.33,577.4 2 1
github.com/onasunnymorning/eppclient/check.go:580.3,580.34 1 1
github.com/onasunnymorning/eppclient/check.go:580.34,586.4 2 1
github.com/onasunnymorning/eppclient/check.go:588.3,588.13 1 1
github.com/onasunnymorning/eppclient/conn.go:15.33,16.19 1 1
github.com/onasunnymorning/eppclient/conn.go:16.19,18.3 1 1
github.com/onasunnymorning/eppclient/conn.go:19.2,19.12 1 0
github.com/onasunnymorning/eppclient/conn.go:61.44,63.2 1 1
github.com/onasunnymorning/eppclient/conn.go:67.74,74.16 3 1
github.com/onasunnymorning/eppclient/conn.go:74.16,78.3 3 1
github.com/onasunnymorning/eppclient/conn.go:79.2,79.15 1 1
github.com/onasunnymorning/eppclient/conn.go:83.30,84.9 1 1
github.com/onasunnymorning/eppclient/conn.go:85.16,86.23 1 0
github.com/onasunnymorning/eppclient/conn.go:87.10,87.10 0 1
github.com/onasunnymorning/eppclient/conn.go:89.2,91.23 3 1
github.com/onasunnymorning/eppclient/conn.go:96.45,99.19 3 1
github.com/onasunnymorning/eppclient/conn.go:99.19,101.3 1 0
github.com/onasunnymorning/eppclient/conn.go:102.2,102.33 1 1
github.com/onasunnymorning/eppclient/conn.go:108.50,111.19 3 1
github.com/onasunnymorning/eppclient/conn.go:111.19,113.3 1 0
github.com/onasunnymorning/eppclient/conn.go:114.2,115.16 2 1
github.com/onasunnymorning/eppclient/conn.go:115.16,117.3 1 1
github.com/onasunnymorning/eppclient/conn.go:120.2,122.16 3 1
github.com/onasunnymorning/eppclient/conn.go:122.16,124.3 1 0
github.com/onasunnymorning/eppclient/conn.go:126.2,131.16 4 1
github.com/onasunnymorning/eppclient/conn.go:131.16,133.3 1 0
github.com/onasunnymorning/eppclient/conn.go:134.2,134.26 1 1
github.com/onasunnymorning/eppclient/conn.go:134.26,136.3 1 0
github.com/onasunnymorning/eppclient/conn.go:137.2,137.17 1 1
github.com/onasunnymorning/eppclient/conn.go:141.48,143.16 2 1
github.com/onasunnymorning/eppclient/conn.go:143.16,145.3 1 0
github.com/onasunnymorning/eppclient/conn.go:146.2,146.20 1 1
github.com/onasunnymorning/eppclient/conn.go:150.42,153.19 3 1
github.com/onasunnymorning/eppclient/conn.go:153.19,155.3 1 0
github.com/onasunnymorning/eppclient/conn.go:156.2,157.16 2 1
github.com/onasunnymorning/eppclient/conn.go:157.16,159.3 1 0
github.com/onasunnymorning/eppclient/conn.go:162.2,164.16 3 1
github.com/onasunnymorning/eppclient/conn.go:164.16,166.3 1 0
github.com/onasunnymorning/eppclient/conn.go:168.2,169.18 2 1
github.com/onasunnymorning/eppclient/conn.go:176.49,180.16 4 1
github.com/onasunnymorning/eppclient/conn.go:180.16,182.3 1 0
github.com/onasunnymorning/eppclient/conn.go:183.2,184.12 2 1
github.com/onasunnymorning/eppclient/conn.go:191.54,194.16 3 1
github.com/onasunnymorning/eppclient/conn.go:194.16,196.3 1 1
github.com/onasunnymorning/eppclient/conn.go:197.2,197.11 1 1
github.com/onasunnymorning/eppclient/conn.go:197.11,199.3 1 0
github.com/onasunnymorning/eppclient/conn.go:201.2,201.19 1 1
github.com/onasunnymorning/eppclient/contact.go:24.156,26.16 2 1
github.com/onasunnymorning/eppclient/contact.go:26.16,28.3 1 0
github.com/onasunnymorning/eppclient/contact.go:29.2,30.16 2 1
github.com/onasunnymorning/eppclient/contact.go:30.16,32.3 1 0
github.com/onasunnymorning/eppclient/contact.go:33.2,34.16 2 1
github.com/onasunnymorning/eppclient/contact.go:34.16,36.3 1 0
github.com/onasunnymorning/eppclient/contact.go:37.2,37.40 1 1
github.com/onasunnymorning/eppclient/contact.go:40.156,49.17 7 1
github.com/onasunnymorning/eppclient/contact.go:49.17,53.3 3 1
github.com/onasunnymorning/eppclient/contact.go:55.2,59.16 4 1
github.com/onasunnymorning/eppclient/contact.go:59.16,63.3 3 1
github.com/onasunnymorning/eppclient/contact.go:65.2,67.25 3 1
github.com/onasunnymorning/eppclient/contact.go:76.13,78.72 2 1
github.com/onasunnymorning/eppclient/contact.go:78.72,82.3 3 1
github.com/onasunnymorning/eppclient/contact.go:83.2,83.76 1 1
github.com/onasunnymorning/eppclient/contact.go:83.76,88.3 4 1
github.com/onasunnymorning/eppclient/contact_utils.go:8.58,15.18 5 1
github.com/onasunnymorning/eppclient/contact_utils.go:15.18,19.3 3 1
github.com/onasunnymorning/eppclient/contact_utils.go:21.2,22.21 2 1
github.com/onasunnymorning/eppclient/contact_utils.go:22.21,26.3 3 1
github.com/onasunnymorning/eppclient/contact_utils.go:27.2,31.17 4 1
github.com/onasunnymorning/eppclient/contact_utils.go:31.17,35.3 3 1
github.com/onasunnymorning/eppclient/contact_utils.go:36.2,36.17 1 1
github.com/onasunnymorning/eppclient/contact_utils.go:36.17,40.3 3 1
github.com/onasunnymorning/eppclient/contact_utils.go:42.2,46.42 5 1
github.com/onasunnymorning/eppclient/create.go:13.200,15.16 2 1
github.com/onasunnymorning/eppclient/create.go:15.16,17.3 1 0
github.com/onasunnymorning/eppclient/create.go:18.2,19.16 2 1
github.com/onasunnymorning/eppclient/create.go:19.16,21.3 1 0
github.com/onasunnymorning/eppclient/create.go:22.2,23.16 2 1
github.com/onasunnymorning/eppclient/create.go:23.16,25.3 1 0
github.com/onasunnymorning/eppclient/create.go:26.2,26.39 1 1
github.com/onasunnymorning/eppclient/create.go:29.201,36.16 6 1
github.com/onasunnymorning/eppclient/create.go:36.16,42.3 5 1
github.com/onasunnymorning/eppclient/create.go:44.2,44.17 1 1
github.com/onasunnymorning/eppclient/create.go:44.17,46.27 2 1
github.com/onasunnymorning/eppclient/create.go:46.27,50.4 3 1
github.com/onasunnymorning/eppclient/create.go:51.3,51.34 1 1
github.com/onasunnymorning/eppclient/create.go:54.2,54.22 1 1
github.com/onasunnymorning/eppclient/create.go:54.22,58.3 3 1
github.com/onasunnymorning/eppclient/create.go:60.2,60.62 1 1
github.com/onasunnymorning/eppclient/create.go:60.62,61.37 1 1
github.com/onasunnymorning/eppclient/create.go:61.37,67.4 5 1
github.com/onasunnymorning/eppclient/create.go:70.2,70.16 1 1
github.com/onasunnymorning/eppclient/create.go:70.16,74.3 3 1
github.com/onasunnymorning/eppclient/create.go:76.2,83.18 5 1
github.com/onasunnymorning/eppclient/create.go:83.18,86.13 2 1
github.com/onasunnymorning/eppclient/create.go:86.13,90.51 4 1
github.com/onasunnymorning/eppclient/create.go:90.51,94.5 3 1
github.com/onasunnymorning/eppclient/create.go:95.4,98.36 4 1
github.com/onasunnymorning/eppclient/create.go:101.3,101.16 1 1
github.com/onasunnymorning/eppclient/create.go:101.16,109.4 7 1
github.com/onasunnymorning/eppclient/create.go:111.3,111.34 1 1
github.com/onasunnymorning/eppclient/create.go:114.2,115.25 2 1
github.com/onasunnymorning/eppclient/create.go:127.96,129.16 2 1
github.com/onasunnymorning/eppclient/create.go:129.16,131.3 1 0
github.com/onasunnymorning/eppclient/create.go:132.2,133.16 2 1
github.com/onasunnymorning/eppclient/create.go:133.16,135.3 1 0
github.com/onasunnymorning/eppclient/create.go:136.2,137.16 2 1
github.com/onasunnymorning/eppclient/create.go:137.16,139.3 1 0
github.com/onasunnymorning/eppclient/create.go:140.2,140.37 1 1
github.com/onasunnymorning/eppclient/create.go:143.99,150.25 6 1
github.com/onasunnymorning/eppclient/create.go:150.25,154.3 3 1
github.com/onasunnymorning/eppclient/create.go:155.2,155.24 1 1
github.com/onasunnymorning/eppclient/create.go:155.24,159.3 3 1
github.com/onasunnymorning/eppclient/create.go:161.2,163.25 3 1
github.com/onasunnymorning/eppclient/create.go:172.13,174.74 2 1
github.com/onasunnymorning/eppclient/create.go:174.74,178.3 3 1
github.com/onasunnymorning/eppclient/create.go:179.2,179.76 1 1
github.com/onasunnymorning/eppclient/create.go:179.76,184.3 4 1
github.com/onasunnymorning/eppclient/create.go:185.2,185.76 1 1
github.com/onasunnymorning/eppclient/create.go:185.76,190.3 4 1
github.com/onasunnymorning/eppclient/create.go:192.2,193.78 2 1
github.com/onasunnymorning/eppclient/create.go:193.78,197.3 3 1
github.com/onasunnymorning/eppclient/create.go:198.2,198.80 1 1
github.com/onasunnymorning/eppclient/create.go:198.80,203.3 4 1
github.com/onasunnymorning/eppclient/delete.go:10.77,12.16 2 1
github.com/onasunnymorning/eppclient/delete.go:12.16,14.3 1 0
github.com/onasunnymorning/eppclient/delete.go:15.2,16.16 2 1
github.com/onasunnymorning/eppclient/delete.go:16.16,18.3 1 0
github.com/onasunnymorning/eppclient/delete.go:19.2,20.12 2 1
github.com/onasunnymorning/eppclient/delete.go:23.103,30.2 6 1
github.com/onasunnymorning/eppclient/delete.go:34.74,36.16 2 1
github.com/onasunnymorning/eppclient/delete.go:36.16,38.3 1 0
github.com/onasunnymorning/eppclient/delete.go:39.2,40.16 2 1
github.com/onasunnymorning/eppclient/delete.go:40.16,42.3 1 0
github.com/onasunnymorning/eppclient/delete.go:43.2,44.12 2 1
github.com/onasunnymorning/eppclient/delete.go:47.100,54.2 6 1
github.com/onasunnymorning/eppclient/delete.go:58.46,60.16 2 0
github.com/onasunnymorning/eppclient/delete.go:60.16,62.3 1 0
github.com/onasunnymorning/eppclient/delete.go:63.2,64.16 2 0
github.com/onasunnymorning/eppclient/delete.go:64.16,66.3 1 0
github.com/onasunnymorning/eppclient/delete.go:67.2,68.12 2 0
github.com/onasunnymorning/eppclient/delete.go:71.72,78.2 6 1
github.com/onasunnymorning/eppclient/greeting.go:10.30,12.16 2 1
github.com/onasunnymorning/eppclient/greeting.go:12.16,14.3 1 0
github.com/onasunnymorning/eppclient/greeting.go:15.2,16.12 2 1
github.com/onasunnymorning/eppclient/greeting.go:33.52,34.14 1 1
github.com/onasunnymorning/eppclient/greeting.go:34.14,36.3 1 0
github.com/onasunnymorning/eppclient/greeting.go:37.2,37.30 1 1
github.com/onasunnymorning/eppclient/greeting.go:37.30,38.15 1 1
github.com/onasunnymorning/eppclient/greeting.go:38.15,40.4 1 1
github.com/onasunnymorning/eppclient/greeting.go:42.2,42.14 1 1
github.com/onasunnymorning/eppclient/greeting.go:47.55,48.14 1 1
github.com/onasunnymorning/eppclient/greeting.go:48.14,50.3 1 1
github.com/onasunnymorning/eppclient/greeting.go:51.2,51.33 1 1
github.com/onasunnymorning/eppclient/greeting.go:51.33,52.15 1 1
github.com/onasunnymorning/eppclient/greeting.go:52.15,54.4 1 1
github.com/onasunnymorning/eppclient/greeting.go:56.2,56.14 1 1
github.com/onasunnymorning/eppclient/greeting.go:108.49,110.16 2 1
github.com/onasunnymorning/eppclient/greeting.go:110.16,112.3 1 0
github.com/onasunnymorning/eppclient/greeting.go:113.2,113.26 1 1
github.com/onasunnymorning/eppclient/greeting.go:116.13,118.74 2 1
github.com/onasunnymorning/eppclient/greeting.go:118.74,122.3 3 1
github.com/onasunnymorning/eppclient/greeting.go:123.2,123.85 1 1
github.com/onasunnymorning/eppclient/greeting.go:123.85,127.3 3 1
github.com/onasunnymorning/eppclient/greeting.go:128.2,128.82 1 1
github.com/onasunnymorning/eppclient/greeting.go:128.82,132.3 3 1
github.com/onasunnymorning/eppclient/greeting.go:133.2,133.84 1 1
github.com/onasunnymorning/eppclient/greeting.go:133.84,137.3 3 1
github.com/onasunnymorning/eppclient/greeting.go:138.2,138.97 1 1
github.com/onasunnymorning/eppclient/greeting.go:138.97,142.3 3 1
github.com/onasunnymorning/eppclient/info.go:13.98,15.16 2 1
github.com/onasunnymorning/eppclient/info.go:15.16,17.3 1 0
github.com/onasunnymorning/eppclient/info.go:18.2,19.16 2 1
github.com/onasunnymorning/eppclient/info.go:19.16,21.3 1 0
github.com/onasunnymorning/eppclient/info.go:22.2,23.16 2 1
github.com/onasunnymorning/eppclient/info.go:23.16,25.3 1 0
github.com/onasunnymorning/eppclient/info.go:26.2,26.37 1 1
github.com/onasunnymorning/eppclient/info.go:29.101,38.18 7 1
github.com/onasunnymorning/eppclient/info.go:38.18,41.24 2 1
github.com/onasunnymorning/eppclient/info.go:41.24,49.4 7 1
github.com/onasunnymorning/eppclient/info.go:50.3,50.34 1 1
github.com/onasunnymorning/eppclient/info.go:53.2,55.25 2 1
github.com/onasunnymorning/eppclient/info.go:72.13,75.74 2 1
github.com/onasunnymorning/eppclient/info.go:75.74,79.3 3 1
github.com/onasunnymorning/eppclient/info.go:80.2,80.74 1 1
github.com/onasunnymorning/eppclient/info.go:80.74,84.3 3 1
github.com/onasunnymorning/eppclient/info.go:85.2,85.74 1 1
github.com/onasunnymorning/eppclient/info.go:85.74,89.3 3 1
github.com/onasunnymorning/eppclient/info.go:90.2,90.74 1 1
github.com/onasunnymorning/eppclient/info.go:90.74,94.3 3 0
github.com/onasunnymorning/eppclient/info.go:95.2,95.76 1 1
github.com/onasunnymorning/eppclient/info.go:95.76,100.3 4 1
github.com/onasunnymorning/eppclient/info.go:101.2,101.76 1 1
github.com/onasunnymorning/eppclient/info.go:101.76,106.3 4 1
github.com/onasunnymorning/eppclient/info.go:107.2,107.76 1 1
github.com/onasunnymorning/eppclient/info.go:107.76,112.3 4 0
github.com/onasunnymorning/eppclient/info.go:113.2,113.76 1 1
github.com/onasunnymorning/eppclient/info.go:113.76,118.3 4 0
github.com/onasunnymorning/eppclient/info.go:119.2,119.80 1 1
github.com/onasunnymorning/eppclient/info.go:119.80,123.3 3 1
github.com/onasunnymorning/eppclient/info.go:127.71,142.2 14 0
github.com/onasunnymorning/eppclient/info.go:146.109,148.16 2 1
github.com/onasunnymorning/eppclient/info.go:148.16,150.3 1 0
github.com/onasunnymorning/eppclient/info.go:151.2,152.16 2 1
github.com/onasunnymorning/eppclient/info.go:152.16,154.3 1 0
github.com/onasunnymorning/eppclient/info.go:155.2,156.16 2 1
github.com/onasunnymorning/eppclient/info.go:156.16,158.3 1 0
github.com/onasunnymorning/eppclient/info.go:159.2,159.38 1 1
github.com/onasunnymorning/eppclient/info.go:162.111,168.16 5 1
github.com/onasunnymorning/eppclient/info.go:168.16,172.3 3 1
github.com/onasunnymorning/eppclient/info.go:174.2,176.25 3 1
github.com/onasunnymorning/eppclient/info.go:196.13,198.72 2 1
github.com/onasunnymorning/eppclient/info.go:198.72,202.3 3 1
github.com/onasunnymorning/eppclient/info.go:203.2,203.74 1 1
github.com/onasunnymorning/eppclient/info.go:203.74,207.3 3 1
github.com/onasunnymorning/eppclient/info.go:208.2,208.80 1 1
github.com/onasunnymorning/eppclient/info.go:208.80,212.3 3 1
github.com/onasunnymorning/eppclient/info.go:213.2,213.75 1 1
github.com/onasunnymorning/eppclient/info.go:213.75,217.3 3 1
github.com/onasunnymorning/eppclient/info.go:218.2,218.76 1 1
github.com/onasunnymorning/eppclient/info.go:218.76,223.3 4 1
github.com/onasunnymorning/eppclient/logging.go:13.35,14.24 1 1
github.com/onasunnymorning/eppclient/logging.go:14.24,16.3 1 1
github.com/onasunnymorning/eppclient/logging.go:18.2,25.6 7 0
github.com/onasunnymorning/eppclient/logging.go:25.6,27.20 2 0
github.com/onasunnymorning/eppclient/logging.go:27.20,29.9 2 0
github.com/onasunnymorning/eppclient/logging.go:31.3,31.17 1 0
github.com/onasunnymorning/eppclient/logging.go:31.17,32.9 1 0
github.com/onasunnymorning/eppclient/logging.go:34.3,35.17 2 0
github.com/onasunnymorning/eppclient/logging.go:35.17,36.9 1 0
github.com/onasunnymorning/eppclient/logging.go:39.2,39.16 1 0
github.com/onasunnymorning/eppclient/logging.go:39.16,42.3 2 0
github.com/onasunnymorning/eppclient/logging.go:44.2,46.33 3 0
github.com/onasunnymorning/eppclient/poll.go:12.49,18.16 5 1
github.com/onasunnymorning/eppclient/poll.go:18.16,20.3 1 0
github.com/onasunnymorning/eppclient/poll.go:22.2,23.16 2 1
github.com/onasunnymorning/eppclient/poll.go:23.16,25.3 1 0
github.com/onasunnymorning/eppclient/poll.go:27.2,27.31 1 1
github.com/onasunnymorning/eppclient/poll.go:31.61,37.16 5 0
github.com/onasunnymorning/eppclient/poll.go:37.16,39.3 1 0
github.com/onasunnymorning/eppclient/poll.go:41.2,42.16 2 0
github.com/onasunnymorning/eppclient/poll.go:42.16,44.3 1 0
github.com/onasunnymorning/eppclient/poll.go:46.2,46.31 1 0
github.com/onasunnymorning/eppclient/poll.go:57.13,59.70 2 1
github.com/onasunnymorning/eppclient/poll.go:59.70,64.3 4 1
github.com/onasunnymorning/eppclient/poll.go:65.2,65.76 1 1
github.com/onasunnymorning/eppclient/poll.go:65.76,67.76 2 1
github.com/onasunnymorning/eppclient/poll.go:67.76,69.4 1 1
github.com/onasunnymorning/eppclient/poll.go:70.3,70.13 1 1
github.com/onasunnymorning/eppclient/poll.go:72.2,72.74 1 1
github.com/onasunnymorning/eppclient/poll.go:72.74,75.3 2 1
github.com/onasunnymorning/eppclient/renew.go:13.147,15.16 2 1
github.com/onasunnymorning/eppclient/renew.go:15.16,17.3 1 0
github.com/onasunnymorning/eppclient/renew.go:18.2,19.16 2 1
github.com/onasunnymorning/eppclient/renew.go:19.16,21.3 1 0
github.com/onasunnymorning/eppclient/renew.go:22.2,23.16 2 1
github.com/onasunnymorning/eppclient/renew.go:23.16,25.3 1 0
github.com/onasunnymorning/eppclient/renew.go:26.2,26.38 1 1
github.com/onasunnymorning/eppclient/renew.go:29.149,41.16 9 1
github.com/onasunnymorning/eppclient/renew.go:41.16,47.3 5 1
github.com/onasunnymorning/eppclient/renew.go:49.2,51.39 2 1
github.com/onasunnymorning/eppclient/renew.go:51.39,56.50 5 1
github.com/onasunnymorning/eppclient/renew.go:56.50,60.4 3 1
github.com/onasunnymorning/eppclient/renew.go:61.3,65.34 5 1
github.com/onasunnymorning/eppclient/renew.go:68.2,69.25 2 1
github.com/onasunnymorning/eppclient/renew.go:78.13,80.74 2 1
github.com/onasunnymorning/eppclient/renew.go:80.74,84.3 3 1
github.com/onasunnymorning/eppclient/renew.go:85.2,85.76 1 1
github.com/onasunnymorning/eppclient/renew.go:85.76,90.3 4 1
github.com/onasunnymorning/eppclient/response.go:25.13,26.71 1 1
github.com/onasunnymorning/eppclient/response.go:26.71,29.3 2 1
github.com/onasunnymorning/eppclient/restore.go:10.103,12.16 2 1
github.com/onasunnymorning/eppclient/restore.go:12.16,14.3 1 0
github.com/onasunnymorning/eppclient/restore.go:15.2,16.16 2 1
github.com/onasunnymorning/eppclient/restore.go:16.16,18.3 1 0
github.com/onasunnymorning/eppclient/restore.go:19.2,20.16 2 1
github.com/onasunnymorning/eppclient/restore.go:20.16,22.3 1 0
github.com/onasunnymorning/eppclient/restore.go:23.2,23.39 1 1
github.com/onasunnymorning/eppclient/restore.go:26.104,42.2 11 1
github.com/onasunnymorning/eppclient/restore.go:51.14,53.2 0 1
github.com/onasunnymorning/eppclient/result.go:18.33,20.2 1 1
github.com/onasunnymorning/eppclient/result.go:25.33,27.2 1 1
github.com/onasunnymorning/eppclient/result.go:30.33,32.2 1 0
github.com/onasunnymorning/eppclient/result.go:34.13,36.70 2 1
github.com/onasunnymorning/eppclient/result.go:36.70,40.3 3 1
github.com/onasunnymorning/eppclient/result.go:41.2,41.74 1 1
github.com/onasunnymorning/eppclient/result.go:41.74,44.3 2 1
github.com/onasunnymorning/eppclient/result.go:45.2,45.88 1 1
github.com/onasunnymorning/eppclient/result.go:45.88,48.3 2 1
github.com/onasunnymorning/eppclient/session.go:10.64,12.16 2 0
github.com/onasunnymorning/eppclient/session.go:12.16,14.3 1 0
github.com/onasunnymorning/eppclient/session.go:15.2,16.16 2 0
github.com/onasunnymorning/eppclient/session.go:16.16,18.3 1 0
github.com/onasunnymorning/eppclient/session.go:22.2,25.12 4 0
github.com/onasunnymorning/eppclient/session.go:28.69,30.34 2 0
github.com/onasunnymorning/eppclient/session.go:30.34,32.3 1 0
github.com/onasunnymorning/eppclient/session.go:33.2,33.35 1 0
github.com/onasunnymorning/eppclient/session.go:33.35,35.3 1 0
github.com/onasunnymorning/eppclient/session.go:36.2,37.16 2 0
github.com/onasunnymorning/eppclient/session.go:37.16,39.3 1 0
github.com/onasunnymorning/eppclient/session.go:40.2,40.26 1 0
github.com/onasunnymorning/eppclient/session.go:43.119,49.26 6 1
github.com/onasunnymorning/eppclient/session.go:49.26,53.3 3 1
github.com/onasunnymorning/eppclient/session.go:53.8,55.3 1 1
github.com/onasunnymorning/eppclient/session.go:56.2,60.28 5 1
github.com/onasunnymorning/eppclient/session.go:60.28,64.3 3 1
github.com/onasunnymorning/eppclient/session.go:65.2,65.25 1 1
github.com/onasunnymorning/eppclient/session.go:65.25,67.32 2 1
github.com/onasunnymorning/eppclient/session.go:67.32,71.4 3 1
github.com/onasunnymorning/eppclient/session.go:72.3,72.37 1 1
github.com/onasunnymorning/eppclient/session.go:74.2,76.25 3 1
github.com/onasunnymorning/eppclient/session.go:81.31,83.16 2 1
github.com/onasunnymorning/eppclient/session.go:83.16,85.3 1 0
github.com/onasunnymorning/eppclient/session.go:86.2,87.12 2 1
github.com/onasunnymorning/eppclient/status.go:102.39,104.23 2 0
github.com/onasunnymorning/eppclient/status.go:104.23,106.3 1 0
github.com/onasunnymorning/eppclient/status.go:107.2,107.10 1 0
github.com/onasunnymorning/eppclient/time.go:17.75,20.56 3 1
github.com/onasunnymorning/eppclient/time.go:20.56,22.3 1 1
github.com/onasunnymorning/eppclient/time.go:23.2,23.12 1 1
github.com/onasunnymorning/eppclient/transfer.go:13.155,15.16 2 1
github.com/onasunnymorning/eppclient/transfer.go:15.16,17.3 1 0
github.com/onasunnymorning/eppclient/transfer.go:18.2,19.16 2 1
github.com/onasunnymorning/eppclient/transfer.go:19.16,21.3 1 0
github.com/onasunnymorning/eppclient/transfer.go:22.2,23.16 2 1
github.com/onasunnymorning/eppclient/transfer.go:23.16,25.3 1 0
github.com/onasunnymorning/eppclient/transfer.go:26.2,26.41 1 1
github.com/onasunnymorning/eppclient/transfer.go:29.154,39.16 9 1
github.com/onasunnymorning/eppclient/transfer.go:39.16,45.3 5 1
github.com/onasunnymorning/eppclient/transfer.go:47.2,47.16 1 1
github.com/onasunnymorning/eppclient/transfer.go:47.16,51.3 3 1
github.com/onasunnymorning/eppclient/transfer.go:53.2,56.39 2 1
github.com/onasunnymorning/eppclient/transfer.go:56.39,61.50 5 1
github.com/onasunnymorning/eppclient/transfer.go:61.50,65.4 3 1
github.com/onasunnymorning/eppclient/transfer.go:66.3,70.34 5 1
github.com/onasunnymorning/eppclient/transfer.go:73.2,74.25 2 1
github.com/onasunnymorning/eppclient/transfer.go:88.13,90.74 2 1
github.com/onasunnymorning/eppclient/transfer.go:90.74,94.3 3 1
github.com/onasunnymorning/eppclient/transfer.go:95.2,95.78 1 1
github.com/onasunnymorning/eppclient/transfer.go:95.78,99.3 3 1
github.com/onasunnymorning/eppclient/transfer.go:100.2,100.74 1 1
github.com/onasunnymorning/eppclient/transfer.go:100.74,104.3 3 1
github.com/onasunnymorning/eppclient/transfer.go:105.2,105.76 1 1
github.com/onasunnymorning/eppclient/transfer.go:105.76,110.3 4 1
github.com/onasunnymorning/eppclient/transfer.go:111.2,111.74 1 1
github.com/onasunnymorning/eppclient/transfer.go:111.74,115.3 3 1
github.com/onasunnymorning/eppclient/transfer.go:116.2,116.76 1 1
github.com/onasunnymorning/eppclient/transfer.go:116.76,121.3 4 1
github.com/onasunnymorning/eppclient/transfer.go:122.2,122.76 1 1
github.com/onasunnymorning/eppclient/transfer.go:122.76,127.3 4 1
github.com/onasunnymorning/eppclient/update.go:10.106,12.16 2 1
github.com/onasunnymorning/eppclient/update.go:12.16,14.3 1 0
github.com/onasunnymorning/eppclient/update.go:15.2,16.16 2 1
github.com/onasunnymorning/eppclient/update.go:16.16,18.3 1 0
github.com/onasunnymorning/eppclient/update.go:19.2,20.12 2 1
github.com/onasunnymorning/eppclient/update.go:23.132,30.18 6 1
github.com/onasunnymorning/eppclient/update.go:30.18,34.3 3 1
github.com/onasunnymorning/eppclient/update.go:36.2,36.18 1 1
github.com/onasunnymorning/eppclient/update.go:36.18,40.3 3 1
github.com/onasunnymorning/eppclient/update.go:42.2,42.18 1 1
github.com/onasunnymorning/eppclient/update.go:42.18,44.46 2 1
github.com/onasunnymorning/eppclient/update.go:44.46,48.4 3 1
github.com/onasunnymorning/eppclient/update.go:49.3,49.34 1 1
github.com/onasunnymorning/eppclient/update.go:49.34,53.4 3 1
github.com/onasunnymorning/eppclient/update.go:54.3,54.35 1 1
github.com/onasunnymorning/eppclient/update.go:57.2,59.25 3 1
github.com/onasunnymorning/eppclient/update.go:62.73,63.56 1 1
github.com/onasunnymorning/eppclient/update.go:63.56,65.27 2 1
github.com/onasunnymorning/eppclient/update.go:65.27,69.4 3 1
github.com/onasunnymorning/eppclient/update.go:70.3,70.34 1 1
github.com/onasunnymorning/eppclient/update.go:72.2,72.83 1 1
github.com/onasunnymorning/eppclient/update.go:72.83,73.63 1 1
github.com/onasunnymorning/eppclient/update.go:73.63,74.38 1 1
github.com/onasunnymorning/eppclient/update.go:74.38,80.5 5 1
github.com/onasunnymorning/eppclient/update.go:83.2,83.77 1 1
github.com/onasunnymorning/eppclient/update.go:83.77,84.30 1 1
github.com/onasunnymorning/eppclient/update.go:84.30,90.4 5 1
github.com/onasunnymorning/eppclient/update.go:96.85,98.16 2 0
github.com/onasunnymorning/eppclient/update.go:98.16,100.3 1 0
github.com/onasunnymorning/eppclient/update.go:101.2,102.16 2 0
github.com/onasunnymorning/eppclient/update.go:102.16,104.3 1 0
github.com/onasunnymorning/eppclient/update.go:105.2,106.12 2 0
github.com/onasunnymorning/eppclient/update.go:109.111,116.18 6 1
github.com/onasunnymorning/eppclient/update.go:116.18,120.3 3 1
github.com/onasunnymorning/eppclient/update.go:122.2,122.18 1 1
github.com/onasunnymorning/eppclient/update.go:122.18,126.3 3 1
github.com/onasunnymorning/eppclient/update.go:128.2,128.18 1 1
github.com/onasunnymorning/eppclient/update.go:128.18,130.47 2 1
github.com/onasunnymorning/eppclient/update.go:130.47,132.4 1 1
github.com/onasunnymorning/eppclient/update.go:133.3,133.45 1 1
github.com/onasunnymorning/eppclient/update.go:133.45,137.4 3 1
github.com/onasunnymorning/eppclient/update.go:138.3,138.41 1 1
github.com/onasunnymorning/eppclient/update.go:138.41,142.4 3 0
github.com/onasunnymorning/eppclient/update.go:143.3,143.45 1 1
github.com/onasunnymorning/eppclient/update.go:143.45,147.4 3 1
github.com/onasunnymorning/eppclient/update.go:148.3,148.43 1 1
github.com/onasunnymorning/eppclient/update.go:148.43,152.4 3 1
github.com/onasunnymorning/eppclient/update.go:153.3,153.36 1 1
github.com/onasunnymorning/eppclient/update.go:156.2,158.25 3 1
github.com/onasunnymorning/eppclient/update.go:161.74,162.77 1 1
github.com/onasunnymorning/eppclient/update.go:162.77,163.30 1 1
github.com/onasunnymorning/eppclient/update.go:163.30,169.4 5 1
github.com/onasunnymorning/eppclient/update.go:175.84,177.16 2 0
github.com/onasunnymorning/eppclient/update.go:177.16,179.3 1 0
github.com/onasunnymorning/eppclient/update.go:180.2,181.16 2 0
github.com/onasunnymorning/eppclient/update.go:181.16,183.3 1 0
github.com/onasunnymorning/eppclient/update.go:184.2,185.12 2 0
github.com/onasunnymorning/eppclient/update.go:188.110,195.18 6 1
github.com/onasunnymorning/eppclient/update.go:195.18,199.3 3 1
github.com/onasunnymorning/eppclient/update.go:201.2,201.18 1 1
github.com/onasunnymorning/eppclient/update.go:201.18,205.3 3 1
github.com/onasunnymorning/eppclient/update.go:207.2,207.18 1 1
github.com/onasunnymorning/eppclient/update.go:207.18,209.46 2 1
github.com/onasunnymorning/eppclient/update.go:209.46,213.4 3 1
github.com/onasunnymorning/eppclient/update.go:214.3,214.33 1 1
github.com/onasunnymorning/eppclient/update.go:217.2,219.25 3 1
github.com/onasunnymorning/eppclient/update.go:222.71,223.43 1 1
github.com/onasunnymorning/eppclient/update.go:223.43,224.26 1 1
github.com/onasunnymorning/eppclient/update.go:224.26,228.4 3 1
github.com/onasunnymorning/eppclient/update.go:230.2,230.41 1 1
github.com/onasunnymorning/eppclient/update.go:230.41,231.25 1 1
github.com/onasunnymorning/eppclient/update.go:231.25,235.4 3 1
github.com/onasunnymorning/eppclient/update.go:237.2,237.77 1 1
github.com/onasunnymorning/eppclient/update.go:237.77,238.30 1 1
github.com/onasunnymorning/eppclient/update.go:238.30,244.4 5 1
github.com/onasunnymorning/eppclient/xml.go:8.27,10.2 1 1
